[ 2017-03-23T13:34:13+08:00 ] 127.0.0.1 /index.php
INFO: [ app_init ] --START--
INFO: Run Behavior\BuildLiteBehavior [ RunTime:0.000000s ]
INFO: [ app_init ] --END-- [ RunTime:0.001000s ]

[ 2017-03-23T13:35:22+08:00 ] 127.0.0.1 /index.php
INFO: [ app_init ] --START--
INFO: Run Behavior\BuildLiteBehavior [ RunTime:0.000000s ]
INFO: [ app_init ] --END-- [ RunTime:0.000000s ]

[ 2017-03-23T13:37:22+08:00 ] 127.0.0.1 /index.php
INFO: [ app_init ] --START--
INFO: Run Behavior\BuildLiteBehavior [ RunTime:0.000000s ]
INFO: [ app_init ] --END-- [ RunTime:0.000000s ]

[ 2017-03-23T13:38:47+08:00 ] 127.0.0.1 /index.php
INFO: [ app_init ] --START--
INFO: Run Behavior\BuildLiteBehavior [ RunTime:0.000000s ]
INFO: [ app_init ] --END-- [ RunTime:0.000000s ]

[ 2017-03-23T13:39:08+08:00 ] 127.0.0.1 /index.php
INFO: [ app_init ] --START--
INFO: Run Behavior\BuildLiteBehavior [ RunTime:0.000000s ]
INFO: [ app_init ] --END-- [ RunTime:0.000000s ]

[ 2017-03-23T13:39:46+08:00 ] 127.0.0.1 /index.php
INFO: [ app_init ] --START--
INFO: Run Behavior\BuildLiteBehavior [ RunTime:0.000000s ]
INFO: [ app_init ] --END-- [ RunTime:0.002001s ]

[ 2017-03-23T13:41:18+08:00 ] 127.0.0.1 /index.php
INFO: [ app_init ] --START--
INFO: Run Behavior\BuildLiteBehavior [ RunTime:0.000000s ]
INFO: [ app_init ] --END-- [ RunTime:0.001000s ]

[ 2017-03-23T13:42:25+08:00 ] 127.0.0.1 /index.php
INFO: [ app_init ] --START--
INFO: Run Behavior\BuildLiteBehavior [ RunTime:0.000000s ]
INFO: [ app_init ] --END-- [ RunTime:0.000000s ]

[ 2017-03-23T13:43:36+08:00 ] 127.0.0.1 /index.php
INFO: [ app_init ] --START--
INFO: Run Behavior\BuildLiteBehavior [ RunTime:0.000000s ]
INFO: [ app_init ] --END-- [ RunTime:0.000000s ]

[ 2017-03-23T13:50:16+08:00 ] 127.0.0.1 /index.php
INFO: [ app_init ] --START--
INFO: Run Behavior\BuildLiteBehavior [ RunTime:0.000000s ]
INFO: [ app_init ] --END-- [ RunTime:0.000000s ]

[ 2017-03-23T13:50:20+08:00 ] 127.0.0.1 /index.php
INFO: [ app_init ] --START--
INFO: Run Behavior\BuildLiteBehavior [ RunTime:0.000000s ]
INFO: [ app_init ] --END-- [ RunTime:0.000000s ]

[ 2017-03-23T13:50:52+08:00 ] 127.0.0.1 /index.php
INFO: [ app_init ] --START--
INFO: Run Behavior\BuildLiteBehavior [ RunTime:0.000000s ]
INFO: [ app_init ] --END-- [ RunTime:0.000000s ]

[ 2017-03-23T13:52:29+08:00 ] 127.0.0.1 /index.php
INFO: [ app_init ] --START--
INFO: Run Behavior\BuildLiteBehavior [ RunTime:0.000000s ]
INFO: [ app_init ] --END-- [ RunTime:0.000000s ]

[ 2017-03-23T13:54:48+08:00 ] 127.0.0.1 /index.php
INFO: [ app_init ] --START--
INFO: Run Behavior\BuildLiteBehavior [ RunTime:0.000000s ]
INFO: [ app_init ] --END-- [ RunTime:0.001000s ]

[ 2017-03-23T13:55:50+08:00 ] 127.0.0.1 /index.php
INFO: [ app_init ] --START--
INFO: Run Behavior\BuildLiteBehavior [ RunTime:0.000000s ]
INFO: [ app_init ] --END-- [ RunTime:0.000000s ]

[ 2017-03-23T13:56:13+08:00 ] 127.0.0.1 /index.php
INFO: [ app_init ] --START--
INFO: Run Behavior\BuildLiteBehavior [ RunTime:0.000000s ]
INFO: [ app_init ] --END-- [ RunTime:0.000000s ]

[ 2017-03-23T13:56:22+08:00 ] 127.0.0.1 /index.php/Home/Topic/Forum.html
INFO: [ app_init ] --START--
INFO: Run Behavior\BuildLiteBehavior [ RunTime:0.000000s ]
INFO: [ app_init ] --END-- [ RunTime:0.001000s ]

[ 2017-03-23T13:56:45+08:00 ] 127.0.0.1 /index.php/Home/Topic/post.html
INFO: [ app_init ] --START--
INFO: Run Behavior\BuildLiteBehavior [ RunTime:0.000000s ]
INFO: [ app_init ] --END-- [ RunTime:0.001000s ]

[ 2017-03-23T13:56:57+08:00 ] 127.0.0.1 /index.php/Home/Topic/post.html
INFO: [ app_init ] --START--
INFO: Run Behavior\BuildLiteBehavior [ RunTime:0.000000s ]
INFO: [ app_init ] --END-- [ RunTime:0.000000s ]
INFO: [ app_begin ] --START--
INFO: Run Behavior\ReadHtmlCacheBehavior [ RunTime:0.001000s ]
INFO: Run Behavior\CheckLangBehavior [ RunTime:0.003001s ]
INFO: [ app_begin ] --END-- [ RunTime:0.004001s ]
SQL: SHOW COLUMNS FROM `topic` [ RunTime:0.0100s ]
SQL: SHOW COLUMNS FROM `user` [ RunTime:0.0100s ]
SQL: SELECT * FROM `user` WHERE ( username='admin' ) LIMIT 1   [ RunTime:0.0000s ]
SQL: SELECT * FROM `user` WHERE ( username='admin' ) LIMIT 1   [ RunTime:0.0000s ]
SQL: INSERT INTO `topic` (`topic_title`,`topic_time`,`topic_type`,`topic_poster`,`topic_last_poster`,`topic_text`) VALUES ('啦啦啦啦','1490248617','1','1','1','&lt;p&gt;静安丽舍；经典；拉萨角度看&lt;/p&gt;') [ RunTime:0.0010s ]

[ 2017-03-23T13:56:58+08:00 ] 127.0.0.1 /index.php
INFO: [ app_init ] --START--
INFO: Run Behavior\BuildLiteBehavior [ RunTime:0.000000s ]
INFO: [ app_init ] --END-- [ RunTime:0.000000s ]

[ 2017-03-23T13:58:08+08:00 ] 127.0.0.1 /index.php/Home/Topic/Forum.html
INFO: [ app_init ] --START--
INFO: Run Behavior\BuildLiteBehavior [ RunTime:0.000000s ]
INFO: [ app_init ] --END-- [ RunTime:0.000000s ]

[ 2017-03-23T13:58:09+08:00 ] 127.0.0.1 /index.php/Home/Topic/Forum.html
INFO: [ app_init ] --START--
INFO: Run Behavior\BuildLiteBehavior [ RunTime:0.000000s ]
INFO: [ app_init ] --END-- [ RunTime:0.000000s ]

[ 2017-03-23T13:58:11+08:00 ] 127.0.0.1 /index.php/Home/Topic/post.html
INFO: [ app_init ] --START--
INFO: Run Behavior\BuildLiteBehavior [ RunTime:0.000000s ]
INFO: [ app_init ] --END-- [ RunTime:0.000000s ]

[ 2017-03-23T13:58:28+08:00 ] 127.0.0.1 /index.php/Home/Topic/post.html
INFO: [ app_init ] --START--
INFO: Run Behavior\BuildLiteBehavior [ RunTime:0.000000s ]
INFO: [ app_init ] --END-- [ RunTime:0.000000s ]
INFO: [ app_begin ] --START--
INFO: Run Behavior\ReadHtmlCacheBehavior [ RunTime:0.000000s ]
INFO: Run Behavior\CheckLangBehavior [ RunTime:0.015600s ]
INFO: [ app_begin ] --END-- [ RunTime:0.015600s ]
SQL: SHOW COLUMNS FROM `topic` [ RunTime:0.0000s ]
SQL: SHOW COLUMNS FROM `user` [ RunTime:0.0156s ]
SQL: SELECT * FROM `user` WHERE ( username='admin' ) LIMIT 1   [ RunTime:0.0000s ]
SQL: SELECT * FROM `user` WHERE ( username='admin' ) LIMIT 1   [ RunTime:0.0000s ]
SQL: INSERT INTO `topic` (`topic_title`,`topic_time`,`topic_type`,`topic_poster`,`topic_last_poster`,`topic_text`) VALUES ('测试','1490248708','1','1','1','&lt;p&gt;啦啦啦啦啦&lt;img src=&quot;/ueditor/php/upload/image/20170323/1490248705124964.jpg&quot; title=&quot;1490248705124964.jpg&quot; alt=&quot;Penguins.jpg&quot;/&gt;&lt;/p&gt;') [ RunTime:0.0000s ]

[ 2017-03-23T13:58:30+08:00 ] 127.0.0.1 /index.php/Home/Topic/forum.html
INFO: [ app_init ] --START--
INFO: Run Behavior\BuildLiteBehavior [ RunTime:0.000000s ]
INFO: [ app_init ] --END-- [ RunTime:0.001000s ]

[ 2017-03-23T13:58:34+08:00 ] 127.0.0.1 /index.php/Home/Topic/view/tid/16.html
INFO: [ app_init ] --START--
INFO: Run Behavior\BuildLiteBehavior [ RunTime:0.000000s ]
INFO: [ app_init ] --END-- [ RunTime:0.002000s ]

[ 2017-03-23T14:00:28+08:00 ] 127.0.0.1 /index.php/Home/Topic/forum.html
INFO: [ app_init ] --START--
INFO: Run Behavior\BuildLiteBehavior [ RunTime:0.000000s ]
INFO: [ app_init ] --END-- [ RunTime:0.001000s ]

[ 2017-03-23T14:00:31+08:00 ] 127.0.0.1 /index.php/Home/Topic/post.html
INFO: [ app_init ] --START--
INFO: Run Behavior\BuildLiteBehavior [ RunTime:0.000000s ]
INFO: [ app_init ] --END-- [ RunTime:0.001000s ]

[ 2017-03-23T14:00:44+08:00 ] 127.0.0.1 /index.php/Home/Topic/post.html
INFO: [ app_init ] --START--
INFO: Run Behavior\BuildLiteBehavior [ RunTime:0.000000s ]
INFO: [ app_init ] --END-- [ RunTime:0.000000s ]
INFO: [ app_begin ] --START--
INFO: Run Behavior\ReadHtmlCacheBehavior [ RunTime:0.001000s ]
INFO: Run Behavior\CheckLangBehavior [ RunTime:0.001000s ]
INFO: [ app_begin ] --END-- [ RunTime:0.002000s ]
SQL: SHOW COLUMNS FROM `topic` [ RunTime:0.0000s ]
SQL: SHOW COLUMNS FROM `user` [ RunTime:0.0156s ]
SQL: SELECT * FROM `user` WHERE ( username='admin' ) LIMIT 1   [ RunTime:0.0000s ]
SQL: SELECT * FROM `user` WHERE ( username='admin' ) LIMIT 1   [ RunTime:0.0000s ]
SQL: INSERT INTO `topic` (`topic_title`,`topic_time`,`topic_type`,`topic_poster`,`topic_last_poster`,`topic_text`) VALUES ('测试返回','1490248844','1','1','1','&lt;p&gt;just 测试&lt;/p&gt;') [ RunTime:0.0000s ]

[ 2017-03-23T14:00:51+08:00 ] 127.0.0.1 /index.php/Home/Topic/post.html
INFO: [ app_init ] --START--
INFO: Run Behavior\BuildLiteBehavior [ RunTime:0.000000s ]
INFO: [ app_init ] --END-- [ RunTime:0.000000s ]
INFO: [ app_begin ] --START--
INFO: Run Behavior\ReadHtmlCacheBehavior [ RunTime:0.001000s ]
INFO: Run Behavior\CheckLangBehavior [ RunTime:0.001000s ]
INFO: [ app_begin ] --END-- [ RunTime:0.002000s ]
SQL: SHOW COLUMNS FROM `topic` [ RunTime:0.0000s ]
SQL: SHOW COLUMNS FROM `user` [ RunTime:0.0176s ]
SQL: SELECT * FROM `user` WHERE ( username='admin' ) LIMIT 1   [ RunTime:0.0000s ]
SQL: SELECT * FROM `user` WHERE ( username='admin' ) LIMIT 1   [ RunTime:0.0000s ]
SQL: INSERT INTO `topic` (`topic_title`,`topic_time`,`topic_type`,`topic_poster`,`topic_last_poster`,`topic_text`) VALUES ('测试返回','1490248851','1','1','1','&lt;p&gt;just 测试&lt;/p&gt;') [ RunTime:0.0000s ]

[ 2017-03-23T14:02:12+08:00 ] 127.0.0.1 /index.php/Home/Topic/post.html
INFO: [ app_init ] --START--
INFO: Run Behavior\BuildLiteBehavior [ RunTime:0.000000s ]
INFO: [ app_init ] --END-- [ RunTime:0.000000s ]

[ 2017-03-23T14:02:18+08:00 ] 127.0.0.1 /index.php/Home/Topic/post.html
INFO: [ app_init ] --START--
INFO: Run Behavior\BuildLiteBehavior [ RunTime:0.000000s ]
INFO: [ app_init ] --END-- [ RunTime:0.001001s ]
INFO: [ app_begin ] --START--
INFO: Run Behavior\ReadHtmlCacheBehavior [ RunTime:0.001000s ]
INFO: Run Behavior\CheckLangBehavior [ RunTime:0.002000s ]
INFO: [ app_begin ] --END-- [ RunTime:0.003000s ]
SQL: SHOW COLUMNS FROM `topic` [ RunTime:0.0000s ]
SQL: SHOW COLUMNS FROM `user` [ RunTime:0.0156s ]
SQL: SELECT * FROM `user` WHERE ( username='admin' ) LIMIT 1   [ RunTime:0.0000s ]
SQL: SELECT * FROM `user` WHERE ( username='admin' ) LIMIT 1   [ RunTime:0.0000s ]
SQL: INSERT INTO `topic` (`topic_title`,`topic_time`,`topic_type`,`topic_poster`,`topic_last_poster`,`topic_text`) VALUES ('测试','1490248938','1','1','1','&lt;p&gt;测试&lt;br/&gt;&lt;/p&gt;') [ RunTime:0.0000s ]

[ 2017-03-23T14:02:20+08:00 ] 127.0.0.1 /index.php/Home/Topic/view/tid/datatopic_id.html
INFO: [ app_init ] --START--
INFO: Run Behavior\BuildLiteBehavior [ RunTime:0.000000s ]
INFO: [ app_init ] --END-- [ RunTime:0.001000s ]

[ 2017-03-23T14:02:23+08:00 ] 127.0.0.1 /index.php/Home/Topic/post.html
INFO: [ app_init ] --START--
INFO: Run Behavior\BuildLiteBehavior [ RunTime:0.000000s ]
INFO: [ app_init ] --END-- [ RunTime:0.001000s ]

[ 2017-03-23T14:03:41+08:00 ] 127.0.0.1 /index.php/Home/Topic/post.html
INFO: [ app_init ] --START--
INFO: Run Behavior\BuildLiteBehavior [ RunTime:0.000000s ]
INFO: [ app_init ] --END-- [ RunTime:0.000000s ]

[ 2017-03-23T14:03:51+08:00 ] 127.0.0.1 /index.php/Home/Topic/post.html
INFO: [ app_init ] --START--
INFO: Run Behavior\BuildLiteBehavior [ RunTime:0.000000s ]
INFO: [ app_init ] --END-- [ RunTime:0.000000s ]
INFO: [ app_begin ] --START--
INFO: Run Behavior\ReadHtmlCacheBehavior [ RunTime:0.002000s ]
INFO: Run Behavior\CheckLangBehavior [ RunTime:0.001000s ]
INFO: [ app_begin ] --END-- [ RunTime:0.003000s ]
SQL: SHOW COLUMNS FROM `topic` [ RunTime:0.0070s ]
SQL: SHOW COLUMNS FROM `user` [ RunTime:0.0000s ]
SQL: SELECT * FROM `user` WHERE ( username='admin' ) LIMIT 1   [ RunTime:0.0156s ]
SQL: SELECT * FROM `user` WHERE ( username='admin' ) LIMIT 1   [ RunTime:0.0000s ]
SQL: INSERT INTO `topic` (`topic_title`,`topic_time`,`topic_type`,`topic_poster`,`topic_last_poster`,`topic_text`) VALUES ('测试啦啦啦','1490249031','1','1','1','&lt;p&gt;测试一下啦啦啦&lt;/p&gt;') [ RunTime:0.0000s ]

[ 2017-03-23T14:03:53+08:00 ] 127.0.0.1 /index.php/Home/Topic/view/tid/%2Bdata.topic_id%2B.html
INFO: [ app_init ] --START--
INFO: Run Behavior\BuildLiteBehavior [ RunTime:0.000000s ]
INFO: [ app_init ] --END-- [ RunTime:0.000000s ]

[ 2017-03-23T14:03:56+08:00 ] 127.0.0.1 /index.php/Home/Topic/post.html
INFO: [ app_init ] --START--
INFO: Run Behavior\BuildLiteBehavior [ RunTime:0.000000s ]
INFO: [ app_init ] --END-- [ RunTime:0.001000s ]

[ 2017-03-23T14:04:37+08:00 ] 127.0.0.1 /index.php/Home/Topic/post.html
INFO: [ app_init ] --START--
INFO: Run Behavior\BuildLiteBehavior [ RunTime:0.000000s ]
INFO: [ app_init ] --END-- [ RunTime:0.001000s ]

[ 2017-03-23T14:04:41+08:00 ] 127.0.0.1 /index.php/Home/Topic/post.html
INFO: [ app_init ] --START--
INFO: Run Behavior\BuildLiteBehavior [ RunTime:0.000000s ]
INFO: [ app_init ] --END-- [ RunTime:0.000000s ]
INFO: [ app_begin ] --START--
INFO: Run Behavior\ReadHtmlCacheBehavior [ RunTime:0.001000s ]
INFO: Run Behavior\CheckLangBehavior [ RunTime:0.002000s ]
INFO: [ app_begin ] --END-- [ RunTime:0.003000s ]
SQL: SHOW COLUMNS FROM `topic` [ RunTime:0.0100s ]
SQL: SHOW COLUMNS FROM `user` [ RunTime:0.0020s ]
SQL: SELECT * FROM `user` WHERE ( username='admin' ) LIMIT 1   [ RunTime:0.0000s ]
SQL: SELECT * FROM `user` WHERE ( username='admin' ) LIMIT 1   [ RunTime:0.0000s ]
SQL: INSERT INTO `topic` (`topic_title`,`topic_time`,`topic_type`,`topic_poster`,`topic_last_poster`,`topic_text`) VALUES ('大叔大叔的','1490249081','1','1','1','&lt;p&gt;四打五&lt;/p&gt;') [ RunTime:0.0000s ]
INFO: [ app_end ] --START--
INFO: Run Behavior\ShowPageTraceBehavior [ RunTime:0.000000s ]
INFO: [ app_end ] --END-- [ RunTime:0.000000s ]

[ 2017-03-23T14:07:35+08:00 ] 127.0.0.1 /index.php/Home/Topic/post.html
INFO: [ app_init ] --START--
INFO: Run Behavior\BuildLiteBehavior [ RunTime:0.000000s ]
INFO: [ app_init ] --END-- [ RunTime:0.001000s ]
INFO: [ app_begin ] --START--
INFO: Run Behavior\ReadHtmlCacheBehavior [ RunTime:0.001000s ]
INFO: Run Behavior\CheckLangBehavior [ RunTime:0.001000s ]
INFO: [ app_begin ] --END-- [ RunTime:0.002000s ]
SQL: SHOW COLUMNS FROM `topic` [ RunTime:0.0110s ]
SQL: SHOW COLUMNS FROM `user` [ RunTime:0.0110s ]
SQL: SELECT * FROM `user` WHERE ( username='admin' ) LIMIT 1   [ RunTime:0.0010s ]
SQL: SELECT * FROM `user` WHERE ( username='admin' ) LIMIT 1   [ RunTime:0.0010s ]
SQL: INSERT INTO `topic` (`topic_title`,`topic_time`,`topic_type`,`topic_poster`,`topic_last_poster`,`topic_text`) VALUES ('大叔大叔的','1490249255','1','1','1','&lt;p&gt;四打五&lt;/p&gt;') [ RunTime:0.0010s ]
INFO: [ app_end ] --START--
INFO: Run Behavior\ShowPageTraceBehavior [ RunTime:0.003000s ]
INFO: [ app_end ] --END-- [ RunTime:0.003000s ]

[ 2017-03-23T14:09:26+08:00 ] 127.0.0.1 /index.php/Home/Topic/post.html
INFO: [ app_init ] --START--
INFO: Run Behavior\BuildLiteBehavior [ RunTime:0.000000s ]
INFO: [ app_init ] --END-- [ RunTime:0.001000s ]
INFO: [ app_begin ] --START--
INFO: Run Behavior\ReadHtmlCacheBehavior [ RunTime:0.001000s ]
INFO: Run Behavior\CheckLangBehavior [ RunTime:0.003000s ]
INFO: [ app_begin ] --END-- [ RunTime:0.004000s ]
SQL: SHOW COLUMNS FROM `topic` [ RunTime:0.0050s ]
SQL: SHOW COLUMNS FROM `user` [ RunTime:0.0060s ]
SQL: SELECT * FROM `user` WHERE ( username='admin' ) LIMIT 1   [ RunTime:0.0000s ]
SQL: SELECT * FROM `user` WHERE ( username='admin' ) LIMIT 1   [ RunTime:0.0000s ]
SQL: INSERT INTO `topic` (`topic_title`,`topic_time`,`topic_type`,`topic_poster`,`topic_last_poster`,`topic_text`) VALUES ('大叔大叔的','1490249366','1','1','1','&lt;p&gt;四打五&lt;/p&gt;') [ RunTime:0.0000s ]

[ 2017-03-23T14:09:28+08:00 ] 127.0.0.1 /index.php/Home/Topic/view/tid/%2Bdata.topic_id%2B.html
INFO: [ app_init ] --START--
INFO: Run Behavior\BuildLiteBehavior [ RunTime:0.001000s ]
INFO: [ app_init ] --END-- [ RunTime:0.001000s ]

[ 2017-03-23T14:09:31+08:00 ] 127.0.0.1 /index.php/Home/Topic/post.html
INFO: [ app_init ] --START--
INFO: Run Behavior\BuildLiteBehavior [ RunTime:0.000000s ]
INFO: [ app_init ] --END-- [ RunTime:0.000000s ]

[ 2017-03-23T14:09:35+08:00 ] 127.0.0.1 /index.php
INFO: [ app_init ] --START--
INFO: Run Behavior\BuildLiteBehavior [ RunTime:0.000000s ]
INFO: [ app_init ] --END-- [ RunTime:0.001000s ]

[ 2017-03-23T14:09:52+08:00 ] 127.0.0.1 /index.php/Home/Topic/post.html
INFO: [ app_init ] --START--
INFO: Run Behavior\BuildLiteBehavior [ RunTime:0.000000s ]
INFO: [ app_init ] --END-- [ RunTime:0.000000s ]
INFO: [ app_begin ] --START--
INFO: Run Behavior\ReadHtmlCacheBehavior [ RunTime:0.001000s ]
INFO: Run Behavior\CheckLangBehavior [ RunTime:0.001000s ]
INFO: [ app_begin ] --END-- [ RunTime:0.002000s ]
SQL: SHOW COLUMNS FROM `topic` [ RunTime:0.0070s ]
SQL: SHOW COLUMNS FROM `user` [ RunTime:0.0000s ]
SQL: SELECT * FROM `user` WHERE ( username='admin' ) LIMIT 1   [ RunTime:0.0000s ]
SQL: SELECT * FROM `user` WHERE ( username='admin' ) LIMIT 1   [ RunTime:0.0000s ]
SQL: INSERT INTO `topic` (`topic_title`,`topic_time`,`topic_type`,`topic_poster`,`topic_last_poster`,`topic_text`) VALUES ('大叔大叔的','1490249392','1','1','1','&lt;p&gt;倒萨大师&lt;/p&gt;') [ RunTime:0.0000s ]

[ 2017-03-23T14:09:53+08:00 ] 127.0.0.1 /index.php/Home/Topic/view/tid/%2Bdata.tid%2B.html
INFO: [ app_init ] --START--
INFO: Run Behavior\BuildLiteBehavior [ RunTime:0.000000s ]
INFO: [ app_init ] --END-- [ RunTime:0.000000s ]

[ 2017-03-23T14:09:56+08:00 ] 127.0.0.1 /index.php/Home/Topic/post.html
INFO: [ app_init ] --START--
INFO: Run Behavior\BuildLiteBehavior [ RunTime:0.000000s ]
INFO: [ app_init ] --END-- [ RunTime:0.000000s ]

[ 2017-03-23T14:10:15+08:00 ] 127.0.0.1 /index.php/Home/Topic/post.html
INFO: [ app_init ] --START--
INFO: Run Behavior\BuildLiteBehavior [ RunTime:0.000000s ]
INFO: [ app_init ] --END-- [ RunTime:0.001000s ]
INFO: [ app_begin ] --START--
INFO: Run Behavior\ReadHtmlCacheBehavior [ RunTime:0.001000s ]
INFO: Run Behavior\CheckLangBehavior [ RunTime:0.001000s ]
INFO: [ app_begin ] --END-- [ RunTime:0.002000s ]
SQL: SHOW COLUMNS FROM `topic` [ RunTime:0.0060s ]
SQL: SHOW COLUMNS FROM `user` [ RunTime:0.0060s ]
SQL: SELECT * FROM `user` WHERE ( username='admin' ) LIMIT 1   [ RunTime:0.0010s ]
SQL: SELECT * FROM `user` WHERE ( username='admin' ) LIMIT 1   [ RunTime:0.0000s ]
SQL: INSERT INTO `topic` (`topic_title`,`topic_time`,`topic_type`,`topic_poster`,`topic_last_poster`,`topic_text`) VALUES ('萨达萨达撒','1490249415','1','1','1','&lt;p&gt;倒萨倒萨&lt;/p&gt;') [ RunTime:0.0000s ]

[ 2017-03-23T14:10:17+08:00 ] 127.0.0.1 /index.php/Home/Topic/view/tid/%2Bdata.tid%2B.html
INFO: [ app_init ] --START--
INFO: Run Behavior\BuildLiteBehavior [ RunTime:0.000000s ]
INFO: [ app_init ] --END-- [ RunTime:0.001000s ]

[ 2017-03-23T14:10:20+08:00 ] 127.0.0.1 /index.php/Home/Topic/post.html
INFO: [ app_init ] --START--
INFO: Run Behavior\BuildLiteBehavior [ RunTime:0.000000s ]
INFO: [ app_init ] --END-- [ RunTime:0.001000s ]

[ 2017-03-23T14:12:50+08:00 ] 127.0.0.1 /index.php/Home/Topic/post.html
INFO: [ app_init ] --START--
INFO: Run Behavior\BuildLiteBehavior [ RunTime:0.001001s ]
INFO: [ app_init ] --END-- [ RunTime:0.001001s ]

[ 2017-03-23T14:13:00+08:00 ] 127.0.0.1 /index.php/Home/Topic/post.html
INFO: [ app_init ] --START--
INFO: Run Behavior\BuildLiteBehavior [ RunTime:0.000000s ]
INFO: [ app_init ] --END-- [ RunTime:0.000000s ]
INFO: [ app_begin ] --START--
INFO: Run Behavior\ReadHtmlCacheBehavior [ RunTime:0.001001s ]
INFO: Run Behavior\CheckLangBehavior [ RunTime:0.001000s ]
INFO: [ app_begin ] --END-- [ RunTime:0.002001s ]
SQL: SHOW COLUMNS FROM `topic` [ RunTime:0.0030s ]
SQL: SHOW COLUMNS FROM `user` [ RunTime:0.0030s ]
SQL: SELECT * FROM `user` WHERE ( username='admin' ) LIMIT 1   [ RunTime:0.0000s ]
SQL: SELECT * FROM `user` WHERE ( username='admin' ) LIMIT 1   [ RunTime:0.0000s ]
SQL: INSERT INTO `topic` (`topic_title`,`topic_time`,`topic_type`,`topic_poster`,`topic_last_poster`,`topic_text`) VALUES ('测试','1490249580','1','1','1','&lt;p&gt;哈哈哈&lt;/p&gt;') [ RunTime:0.0000s ]

[ 2017-03-23T14:13:28+08:00 ] 127.0.0.1 /index.php/Home/Topic/post.html
INFO: [ app_init ] --START--
INFO: Run Behavior\BuildLiteBehavior [ RunTime:0.000000s ]
INFO: [ app_init ] --END-- [ RunTime:0.000000s ]

[ 2017-03-23T14:13:40+08:00 ] 127.0.0.1 /index.php/Home/Topic/post.html
INFO: [ app_init ] --START--
INFO: Run Behavior\BuildLiteBehavior [ RunTime:0.000000s ]
INFO: [ app_init ] --END-- [ RunTime:0.000000s ]
INFO: [ app_begin ] --START--
INFO: Run Behavior\ReadHtmlCacheBehavior [ RunTime:0.000000s ]
INFO: Run Behavior\CheckLangBehavior [ RunTime:0.001000s ]
INFO: [ app_begin ] --END-- [ RunTime:0.002000s ]
SQL: SHOW COLUMNS FROM `topic` [ RunTime:0.0060s ]
SQL: SHOW COLUMNS FROM `user` [ RunTime:0.0070s ]
SQL: SELECT * FROM `user` WHERE ( username='admin' ) LIMIT 1   [ RunTime:0.0000s ]
SQL: SELECT * FROM `user` WHERE ( username='admin' ) LIMIT 1   [ RunTime:0.0010s ]
SQL: INSERT INTO `topic` (`topic_title`,`topic_time`,`topic_type`,`topic_poster`,`topic_last_poster`,`topic_text`) VALUES ('最后一次测试','1490249620','1','1','1','&lt;p&gt;真的&lt;/p&gt;') [ RunTime:0.0000s ]

[ 2017-03-23T14:14:09+08:00 ] 127.0.0.1 /index.php/Home/Topic/post.html
INFO: [ app_init ] --START--
INFO: Run Behavior\BuildLiteBehavior [ RunTime:0.000000s ]
INFO: [ app_init ] --END-- [ RunTime:0.001000s ]

[ 2017-03-23T14:14:11+08:00 ] 127.0.0.1 /index.php/Home/Topic/post.html
INFO: [ app_init ] --START--
INFO: Run Behavior\BuildLiteBehavior [ RunTime:0.000000s ]
INFO: [ app_init ] --END-- [ RunTime:0.000000s ]
INFO: [ app_begin ] --START--
INFO: Run Behavior\ReadHtmlCacheBehavior [ RunTime:0.001000s ]
INFO: Run Behavior\CheckLangBehavior [ RunTime:0.002001s ]
INFO: [ app_begin ] --END-- [ RunTime:0.003001s ]
SQL: SHOW COLUMNS FROM `topic` [ RunTime:0.0100s ]
SQL: SHOW COLUMNS FROM `user` [ RunTime:0.0100s ]
SQL: SELECT * FROM `user` WHERE ( username='admin' ) LIMIT 1   [ RunTime:0.0000s ]
SQL: SELECT * FROM `user` WHERE ( username='admin' ) LIMIT 1   [ RunTime:0.0000s ]
SQL: INSERT INTO `topic` (`topic_title`,`topic_time`,`topic_type`,`topic_poster`,`topic_last_poster`,`topic_text`) VALUES ('','1490249651','1','1','1','') [ RunTime:0.0010s ]

[ 2017-03-23T14:21:33+08:00 ] 127.0.0.1 /index.php/Home/Topic/post.html
INFO: [ app_init ] --START--
INFO: Run Behavior\BuildLiteBehavior [ RunTime:0.000000s ]
INFO: [ app_init ] --END-- [ RunTime:0.000000s ]

[ 2017-03-23T14:21:39+08:00 ] 127.0.0.1 /index.php/Home/Topic/post.html
INFO: [ app_init ] --START--
INFO: Run Behavior\BuildLiteBehavior [ RunTime:0.000000s ]
INFO: [ app_init ] --END-- [ RunTime:0.000000s ]
INFO: [ app_begin ] --START--
INFO: Run Behavior\ReadHtmlCacheBehavior [ RunTime:0.001000s ]
INFO: Run Behavior\CheckLangBehavior [ RunTime:0.001000s ]
INFO: [ app_begin ] --END-- [ RunTime:0.002000s ]
SQL: SHOW COLUMNS FROM `topic` [ RunTime:0.0060s ]
SQL: SHOW COLUMNS FROM `user` [ RunTime:0.0060s ]
SQL: SELECT * FROM `user` WHERE ( username='admin' ) LIMIT 1   [ RunTime:0.0010s ]
SQL: SELECT * FROM `user` WHERE ( username='admin' ) LIMIT 1   [ RunTime:0.0010s ]
SQL: INSERT INTO `topic` (`topic_title`,`topic_time`,`topic_type`,`topic_poster`,`topic_last_poster`,`topic_text`) VALUES ('ces','1490250099','1','1','1','&lt;p&gt;sdasd&lt;/p&gt;') [ RunTime:0.0000s ]

[ 2017-03-23T14:24:14+08:00 ] 127.0.0.1 /index.php/Home/Topic/post.html
INFO: [ app_init ] --START--
INFO: Run Behavior\BuildLiteBehavior [ RunTime:0.000000s ]
INFO: [ app_init ] --END-- [ RunTime:0.000000s ]
INFO: [ app_begin ] --START--
INFO: Run Behavior\ReadHtmlCacheBehavior [ RunTime:0.000000s ]
INFO: Run Behavior\CheckLangBehavior [ RunTime:0.001000s ]
INFO: [ app_begin ] --END-- [ RunTime:0.002000s ]
SQL: SHOW COLUMNS FROM `topic` [ RunTime:0.0060s ]
SQL: SHOW COLUMNS FROM `user` [ RunTime:0.0156s ]
SQL: SELECT * FROM `user` WHERE ( username='admin' ) LIMIT 1   [ RunTime:0.0000s ]
SQL: SELECT * FROM `user` WHERE ( username='admin' ) LIMIT 1   [ RunTime:0.0000s ]
SQL: INSERT INTO `topic` (`topic_title`,`topic_time`,`topic_type`,`topic_poster`,`topic_last_poster`,`topic_text`) VALUES ('dsadasd','1490250254','1','1','1','&lt;p&gt;fdafsa&lt;/p&gt;') [ RunTime:0.0000s ]

[ 2017-03-23T14:24:31+08:00 ] 127.0.0.1 /index.php/Home/Topic/post.html
INFO: [ app_init ] --START--
INFO: Run Behavior\BuildLiteBehavior [ RunTime:0.000000s ]
INFO: [ app_init ] --END-- [ RunTime:0.000000s ]

[ 2017-03-23T14:24:38+08:00 ] 127.0.0.1 /index.php/Home/Topic/post.html
INFO: [ app_init ] --START--
INFO: Run Behavior\BuildLiteBehavior [ RunTime:0.000000s ]
INFO: [ app_init ] --END-- [ RunTime:0.000000s ]
INFO: [ app_begin ] --START--
INFO: Run Behavior\ReadHtmlCacheBehavior [ RunTime:0.000000s ]
INFO: Run Behavior\CheckLangBehavior [ RunTime:0.001000s ]
INFO: [ app_begin ] --END-- [ RunTime:0.001000s ]
SQL: SHOW COLUMNS FROM `topic` [ RunTime:0.0100s ]
SQL: SHOW COLUMNS FROM `user` [ RunTime:0.0110s ]
SQL: SELECT * FROM `user` WHERE ( username='admin' ) LIMIT 1   [ RunTime:0.0010s ]
SQL: SELECT * FROM `user` WHERE ( username='admin' ) LIMIT 1   [ RunTime:0.0010s ]
SQL: INSERT INTO `topic` (`topic_title`,`topic_time`,`topic_type`,`topic_poster`,`topic_last_poster`,`topic_text`) VALUES ('csdadas','1490250278','1','1','1','&lt;p&gt;dsadawed&lt;/p&gt;') [ RunTime:0.0000s ]

[ 2017-03-23T14:48:23+08:00 ] 127.0.0.1 /
INFO: [ app_init ] --START--
INFO: Run Behavior\BuildLiteBehavior [ RunTime:0.000000s ]
INFO: [ app_init ] --END-- [ RunTime:0.032002s ]

[ 2017-03-23T14:48:26+08:00 ] 127.0.0.1 /index.php/Home/Topic/Forum.html
INFO: [ app_init ] --START--
INFO: Run Behavior\BuildLiteBehavior [ RunTime:0.000000s ]
INFO: [ app_init ] --END-- [ RunTime:0.000000s ]

[ 2017-03-23T14:48:37+08:00 ] 127.0.0.1 /index.php/Home/Topic/post.html
INFO: [ app_init ] --START--
INFO: Run Behavior\BuildLiteBehavior [ RunTime:0.000000s ]
INFO: [ app_init ] --END-- [ RunTime:0.000000s ]

[ 2017-03-23T14:48:51+08:00 ] 127.0.0.1 /index.php/Home/User/login
INFO: [ app_init ] --START--
INFO: Run Behavior\BuildLiteBehavior [ RunTime:0.000000s ]
INFO: [ app_init ] --END-- [ RunTime:0.001000s ]

[ 2017-03-23T14:49:11+08:00 ] 127.0.0.1 /index.php/Home/User/login.html
INFO: [ app_init ] --START--
INFO: Run Behavior\BuildLiteBehavior [ RunTime:0.000000s ]
INFO: [ app_init ] --END-- [ RunTime:0.000000s ]
INFO: [ app_begin ] --START--
INFO: Run Behavior\ReadHtmlCacheBehavior [ RunTime:0.001000s ]
INFO: Run Behavior\CheckLangBehavior [ RunTime:0.001000s ]
INFO: [ app_begin ] --END-- [ RunTime:0.002000s ]
SQL: SHOW COLUMNS FROM `user` [ RunTime:0.0000s ]
SQL: SELECT * FROM `user` WHERE ( username='admin' ) LIMIT 1   [ RunTime:0.0000s ]

[ 2017-03-23T14:49:12+08:00 ] 127.0.0.1 /index.php
INFO: [ app_init ] --START--
INFO: Run Behavior\BuildLiteBehavior [ RunTime:0.000000s ]
INFO: [ app_init ] --END-- [ RunTime:0.001000s ]

[ 2017-03-23T14:51:26+08:00 ] 127.0.0.1 /index.php/Home/Topic/Forum.html
INFO: [ app_init ] --START--
INFO: Run Behavior\BuildLiteBehavior [ RunTime:0.001000s ]
INFO: [ app_init ] --END-- [ RunTime:0.001000s ]

[ 2017-03-23T14:51:29+08:00 ] 127.0.0.1 /index.php/Home/Topic/post.html
INFO: [ app_init ] --START--
INFO: Run Behavior\BuildLiteBehavior [ RunTime:0.000000s ]
INFO: [ app_init ] --END-- [ RunTime:0.000000s ]

[ 2017-03-23T14:51:34+08:00 ] 127.0.0.1 /index.php/Home/Topic/post.html
INFO: [ app_init ] --START--
INFO: Run Behavior\BuildLiteBehavior [ RunTime:0.000000s ]
INFO: [ app_init ] --END-- [ RunTime:0.000000s ]
INFO: [ app_begin ] --START--
INFO: Run Behavior\ReadHtmlCacheBehavior [ RunTime:0.000000s ]
INFO: Run Behavior\CheckLangBehavior [ RunTime:0.001000s ]
INFO: [ app_begin ] --END-- [ RunTime:0.001000s ]
SQL: SHOW COLUMNS FROM `topic` [ RunTime:0.0000s ]
SQL: SHOW COLUMNS FROM `user` [ RunTime:0.0206s ]
SQL: SELECT * FROM `user` WHERE ( username='admin' ) LIMIT 1   [ RunTime:0.0010s ]
SQL: SELECT * FROM `user` WHERE ( username='admin' ) LIMIT 1   [ RunTime:0.0000s ]
SQL: INSERT INTO `topic` (`topic_title`,`topic_time`,`topic_type`,`topic_poster`,`topic_last_poster`,`topic_text`) VALUES ('dsadsad','1490251894','1','1','1','&lt;p&gt;sdadasd&lt;/p&gt;') [ RunTime:0.0010s ]

[ 2017-03-23T14:51:56+08:00 ] 127.0.0.1 /index.php/Home/Topic/post.html
INFO: [ app_init ] --START--
INFO: Run Behavior\BuildLiteBehavior [ RunTime:0.000000s ]
INFO: [ app_init ] --END-- [ RunTime:0.000000s ]

[ 2017-03-23T14:52:00+08:00 ] 127.0.0.1 /index.php/Home/Topic/post.html
INFO: [ app_init ] --START--
INFO: Run Behavior\BuildLiteBehavior [ RunTime:0.000000s ]
INFO: [ app_init ] --END-- [ RunTime:0.000000s ]
INFO: [ app_begin ] --START--
INFO: Run Behavior\ReadHtmlCacheBehavior [ RunTime:0.000000s ]
INFO: Run Behavior\CheckLangBehavior [ RunTime:0.001000s ]
INFO: [ app_begin ] --END-- [ RunTime:0.001000s ]
SQL: SHOW COLUMNS FROM `topic` [ RunTime:0.0010s ]
SQL: SHOW COLUMNS FROM `user` [ RunTime:0.0156s ]
SQL: SELECT * FROM `user` WHERE ( username='admin' ) LIMIT 1   [ RunTime:0.0000s ]
SQL: SELECT * FROM `user` WHERE ( username='admin' ) LIMIT 1   [ RunTime:0.0000s ]
SQL: INSERT INTO `topic` (`topic_title`,`topic_time`,`topic_type`,`topic_poster`,`topic_last_poster`,`topic_text`) VALUES ('dfsadas','1490251920','1','1','1','&lt;p&gt;dsadasa&lt;/p&gt;') [ RunTime:0.0000s ]

[ 2017-03-23T14:54:48+08:00 ] 127.0.0.1 /index.php/Home/Topic/post.html
INFO: [ app_init ] --START--
INFO: Run Behavior\BuildLiteBehavior [ RunTime:0.000000s ]
INFO: [ app_init ] --END-- [ RunTime:0.000000s ]

[ 2017-03-23T14:54:52+08:00 ] 127.0.0.1 /index.php/Home/Topic/post.html
INFO: [ app_init ] --START--
INFO: Run Behavior\BuildLiteBehavior [ RunTime:0.000000s ]
INFO: [ app_init ] --END-- [ RunTime:0.001001s ]
INFO: [ app_begin ] --START--
INFO: Run Behavior\ReadHtmlCacheBehavior [ RunTime:0.000000s ]
INFO: Run Behavior\CheckLangBehavior [ RunTime:0.001000s ]
INFO: [ app_begin ] --END-- [ RunTime:0.001000s ]
SQL: SHOW COLUMNS FROM `topic` [ RunTime:0.0000s ]
SQL: SHOW COLUMNS FROM `user` [ RunTime:0.0156s ]
SQL: SELECT * FROM `user` WHERE ( username='admin' ) LIMIT 1   [ RunTime:0.0000s ]
SQL: SELECT * FROM `user` WHERE ( username='admin' ) LIMIT 1   [ RunTime:0.0000s ]
SQL: INSERT INTO `topic` (`topic_title`,`topic_time`,`topic_type`,`topic_poster`,`topic_last_poster`,`topic_text`) VALUES ('倒萨倒萨','1490252092','1','1','1','&lt;p&gt;的撒地方撒&lt;/p&gt;') [ RunTime:0.0000s ]

[ 2017-03-23T14:56:41+08:00 ] 127.0.0.1 /index.php/Home/Topic/post.html
INFO: [ app_init ] --START--
INFO: Run Behavior\BuildLiteBehavior [ RunTime:0.000000s ]
INFO: [ app_init ] --END-- [ RunTime:0.000000s ]

[ 2017-03-23T14:56:49+08:00 ] 127.0.0.1 /index.php/Home/Topic/post.html
INFO: [ app_init ] --START--
INFO: Run Behavior\BuildLiteBehavior [ RunTime:0.000000s ]
INFO: [ app_init ] --END-- [ RunTime:0.000000s ]
INFO: [ app_begin ] --START--
INFO: Run Behavior\ReadHtmlCacheBehavior [ RunTime:0.001000s ]
INFO: Run Behavior\CheckLangBehavior [ RunTime:0.001000s ]
INFO: [ app_begin ] --END-- [ RunTime:0.002000s ]
SQL: SHOW COLUMNS FROM `topic` [ RunTime:0.0100s ]
SQL: SHOW COLUMNS FROM `user` [ RunTime:0.0100s ]
SQL: SELECT * FROM `user` WHERE ( username='admin' ) LIMIT 1   [ RunTime:0.0000s ]
SQL: SELECT * FROM `user` WHERE ( username='admin' ) LIMIT 1   [ RunTime:0.0000s ]
SQL: INSERT INTO `topic` (`topic_title`,`topic_time`,`topic_type`,`topic_poster`,`topic_last_poster`,`topic_text`) VALUES ('大大说的','1490252209','1','1','1','&lt;p&gt;&amp;nbsp;仨仨撒旦法&lt;/p&gt;') [ RunTime:0.0010s ]

[ 2017-03-23T14:57:44+08:00 ] 127.0.0.1 /index.php/Home/Topic/post.html
INFO: [ app_init ] --START--
INFO: Run Behavior\BuildLiteBehavior [ RunTime:0.000000s ]
INFO: [ app_init ] --END-- [ RunTime:0.001000s ]

[ 2017-03-23T14:57:50+08:00 ] 127.0.0.1 /index.php/Home/Topic/post.html
INFO: [ app_init ] --START--
INFO: Run Behavior\BuildLiteBehavior [ RunTime:0.000000s ]
INFO: [ app_init ] --END-- [ RunTime:0.000000s ]
INFO: [ app_begin ] --START--
INFO: Run Behavior\ReadHtmlCacheBehavior [ RunTime:0.001000s ]
INFO: Run Behavior\CheckLangBehavior [ RunTime:0.001000s ]
INFO: [ app_begin ] --END-- [ RunTime:0.002000s ]
SQL: SHOW COLUMNS FROM `topic` [ RunTime:0.0120s ]
SQL: SHOW COLUMNS FROM `user` [ RunTime:0.0100s ]
SQL: SELECT * FROM `user` WHERE ( username='admin' ) LIMIT 1   [ RunTime:0.0010s ]
SQL: SELECT * FROM `user` WHERE ( username='admin' ) LIMIT 1   [ RunTime:0.0000s ]
SQL: INSERT INTO `topic` (`topic_title`,`topic_time`,`topic_type`,`topic_poster`,`topic_last_poster`,`topic_text`) VALUES ('大叔大叔的','1490252270','1','1','1','&lt;p&gt;十大动物&lt;/p&gt;') [ RunTime:0.0000s ]

[ 2017-03-23T14:58:15+08:00 ] 127.0.0.1 /index.php/Home/Topic/post.html
INFO: [ app_init ] --START--
INFO: Run Behavior\BuildLiteBehavior [ RunTime:0.000000s ]
INFO: [ app_init ] --END-- [ RunTime:0.000000s ]

[ 2017-03-23T14:58:20+08:00 ] 127.0.0.1 /index.php/Home/Topic/post.html
INFO: [ app_init ] --START--
INFO: Run Behavior\BuildLiteBehavior [ RunTime:0.000000s ]
INFO: [ app_init ] --END-- [ RunTime:0.000000s ]
INFO: [ app_begin ] --START--
INFO: Run Behavior\ReadHtmlCacheBehavior [ RunTime:0.001000s ]
INFO: Run Behavior\CheckLangBehavior [ RunTime:0.001000s ]
INFO: [ app_begin ] --END-- [ RunTime:0.002000s ]
SQL: SHOW COLUMNS FROM `topic` [ RunTime:0.0100s ]
SQL: SHOW COLUMNS FROM `user` [ RunTime:0.0110s ]
SQL: SELECT * FROM `user` WHERE ( username='admin' ) LIMIT 1   [ RunTime:0.0010s ]
SQL: SELECT * FROM `user` WHERE ( username='admin' ) LIMIT 1   [ RunTime:0.0010s ]
SQL: INSERT INTO `topic` (`topic_title`,`topic_time`,`topic_type`,`topic_poster`,`topic_last_poster`,`topic_text`) VALUES ('倒萨倒萨','1490252300','1','1','1','&lt;p&gt;侧扶手&lt;/p&gt;') [ RunTime:0.0010s ]

[ 2017-03-23T14:58:23+08:00 ] 127.0.0.1 /index.php/Home/Topic/view/tid/37.html
INFO: [ app_init ] --START--
INFO: Run Behavior\BuildLiteBehavior [ RunTime:0.000000s ]
INFO: [ app_init ] --END-- [ RunTime:0.001000s ]

